[0m15:06:37.593419 [debug] [MainThread]: Sending event: {'category': 'dbt', 'action': 'invocation', 'label': 'start', 'context': [<snowplow_tracker.self_describing_json.SelfDescribingJson object at 0x7f9891adf520>, <snowplow_tracker.self_describing_json.SelfDescribingJson object at 0x7f9891f7f9d0>, <snowplow_tracker.self_describing_json.SelfDescribingJson object at 0x7f98a097e7c0>]}


============================== 15:06:37.598014 | bd7dbf82-50b6-46b4-9108-3b6c267dcf92 ==============================
[0m15:06:37.598014 [info ] [MainThread]: Running with dbt=1.9.0-b2
[0m15:06:37.598659 [debug] [MainThread]: running dbt with arguments {'printer_width': '80', 'indirect_selection': 'eager', 'write_json': 'True', 'log_cache_events': 'False', 'partial_parse': 'True', 'cache_selected_only': 'False', 'profiles_dir': '/Users/tonypennoyer/.dbt', 'fail_fast': 'False', 'warn_error': 'None', 'log_path': 'logs', 'version_check': 'True', 'debug': 'False', 'use_colors': 'True', 'use_experimental_parser': 'False', 'no_print': 'None', 'quiet': 'False', 'empty': 'None', 'log_format': 'default', 'introspect': 'True', 'static_parser': 'True', 'invocation_command': 'dbt init kr_wallpaper', 'target_path': 'None', 'warn_error_options': 'WarnErrorOptions(include=[], exclude=[])', 'send_anonymous_usage_stats': 'True'}
[0m15:06:37.612599 [warn ] [MainThread]: [ConfigFolderDirectory]: Unable to parse logging event dictionary. Failed to parse dir field: expected string or bytes-like object.. Dictionary: {'dir': PosixPath('/Users/tonypennoyer/.dbt')}
[0m15:06:37.613089 [info ] [MainThread]: Creating dbt configuration folder at 
[0m15:06:37.616021 [debug] [MainThread]: Starter project path: /Users/tonypennoyer/Documents/KR/kr/krvenv/lib/python3.8/site-packages/dbt/include/starter_project
[0m15:06:37.622110 [info ] [MainThread]: 
Your new dbt project "kr_wallpaper" was created!

For more information on how to configure the profiles.yml file,
please consult the dbt documentation here:

  https://docs.getdbt.com/docs/configure-your-profile

One more thing:

Need help? Don't hesitate to reach out to us via GitHub issues or on Slack:

  https://community.getdbt.com/

Happy modeling!

[0m15:06:37.622539 [info ] [MainThread]: Setting up your profile.
[0m15:11:10.095499 [info ] [MainThread]: Profile kr_wallpaper written to /Users/tonypennoyer/.dbt/profiles.yml using target's profile_template.yml and your supplied values. Run 'dbt debug' to validate the connection.
[0m15:11:10.115745 [debug] [MainThread]: Resource report: {"command_name": "init", "command_success": true, "command_wall_clock_time": 272.60812, "process_user_time": 1.286887, "process_kernel_time": 0.182157, "process_mem_max_rss": "87646208", "process_in_blocks": "0", "process_out_blocks": "0"}
[0m15:11:10.116506 [debug] [MainThread]: Command `dbt init` succeeded at 15:11:10.116340 after 272.61 seconds
[0m15:11:10.117067 [debug] [MainThread]: Sending event: {'category': 'dbt', 'action': 'invocation', 'label': 'end', 'context': [<snowplow_tracker.self_describing_json.SelfDescribingJson object at 0x7f9891adf520>, <snowplow_tracker.self_describing_json.SelfDescribingJson object at 0x7f98a097e3d0>, <snowplow_tracker.self_describing_json.SelfDescribingJson object at 0x7f9892304310>]}
[0m15:11:10.117641 [debug] [MainThread]: Flushing usage events
[0m15:11:10.306389 [debug] [MainThread]: An error was encountered while trying to flush usage events
[0m15:11:16.768841 [debug] [MainThread]: Sending event: {'category': 'dbt', 'action': 'invocation', 'label': 'start', 'context': [<snowplow_tracker.self_describing_json.SelfDescribingJson object at 0x7ff80820f580>, <snowplow_tracker.self_describing_json.SelfDescribingJson object at 0x7ff8084ed3a0>, <snowplow_tracker.self_describing_json.SelfDescribingJson object at 0x7ff80853a190>]}


============================== 15:11:16.777011 | bf60d63e-026e-4b69-8e22-eed2360e1dcf ==============================
[0m15:11:16.777011 [info ] [MainThread]: Running with dbt=1.9.0-b2
[0m15:11:16.777753 [debug] [MainThread]: running dbt with arguments {'printer_width': '80', 'indirect_selection': 'eager', 'write_json': 'True', 'log_cache_events': 'False', 'partial_parse': 'True', 'cache_selected_only': 'False', 'profiles_dir': '/Users/tonypennoyer/.dbt', 'version_check': 'True', 'fail_fast': 'False', 'log_path': 'logs', 'warn_error': 'None', 'debug': 'False', 'use_colors': 'True', 'use_experimental_parser': 'False', 'empty': 'None', 'quiet': 'False', 'no_print': 'None', 'log_format': 'default', 'static_parser': 'True', 'introspect': 'True', 'invocation_command': 'dbt debug', 'target_path': 'None', 'warn_error_options': 'WarnErrorOptions(include=[], exclude=[])', 'send_anonymous_usage_stats': 'True'}
[0m15:11:16.790466 [info ] [MainThread]: dbt version: 1.9.0-b2
[0m15:11:16.790888 [info ] [MainThread]: python version: 3.8.10
[0m15:11:16.791265 [info ] [MainThread]: python path: /Users/tonypennoyer/Documents/KR/kr/krvenv/bin/python3
[0m15:11:16.791638 [info ] [MainThread]: os info: macOS-10.16-x86_64-i386-64bit
[0m15:11:16.846285 [info ] [MainThread]: Using profiles dir at /Users/tonypennoyer/.dbt
[0m15:11:16.846810 [info ] [MainThread]: Using profiles.yml file at /Users/tonypennoyer/.dbt/profiles.yml
[0m15:11:16.847117 [info ] [MainThread]: Using dbt_project.yml file at /Users/tonypennoyer/Documents/KR/kr/dbt_project.yml
[0m15:11:16.847630 [info ] [MainThread]: adapter type: postgres
[0m15:11:16.847978 [info ] [MainThread]: adapter version: 1.8.2
[0m15:11:16.848334 [info ] [MainThread]: Configuration:
[0m15:11:16.848668 [info ] [MainThread]:   profiles.yml file [[32mOK found and valid[0m]
[0m15:11:16.848998 [info ] [MainThread]:   dbt_project.yml file [[31mERROR not found[0m]
[0m15:11:16.849368 [info ] [MainThread]: Required dependencies:
[0m15:11:16.849747 [debug] [MainThread]: Executing "git --help"
[0m15:11:16.858667 [debug] [MainThread]: STDOUT: "b"usage: git [-v | --version] [-h | --help] [-C <path>] [-c <name>=<value>]\n           [--exec-path[=<path>]] [--html-path] [--man-path] [--info-path]\n           [-p | --paginate | -P | --no-pager] [--no-replace-objects] [--bare]\n           [--git-dir=<path>] [--work-tree=<path>] [--namespace=<name>]\n           [--super-prefix=<path>] [--config-env=<name>=<envvar>]\n           <command> [<args>]\n\nThese are common Git commands used in various situations:\n\nstart a working area (see also: git help tutorial)\n   clone     Clone a repository into a new directory\n   init      Create an empty Git repository or reinitialize an existing one\n\nwork on the current change (see also: git help everyday)\n   add       Add file contents to the index\n   mv        Move or rename a file, a directory, or a symlink\n   restore   Restore working tree files\n   rm        Remove files from the working tree and from the index\n\nexamine the history and state (see also: git help revisions)\n   bisect    Use binary search to find the commit that introduced a bug\n   diff      Show changes between commits, commit and working tree, etc\n   grep      Print lines matching a pattern\n   log       Show commit logs\n   show      Show various types of objects\n   status    Show the working tree status\n\ngrow, mark and tweak your common history\n   branch    List, create, or delete branches\n   commit    Record changes to the repository\n   merge     Join two or more development histories together\n   rebase    Reapply commits on top of another base tip\n   reset     Reset current HEAD to the specified state\n   switch    Switch branches\n   tag       Create, list, delete or verify a tag object signed with GPG\n\ncollaborate (see also: git help workflows)\n   fetch     Download objects and refs from another repository\n   pull      Fetch from and integrate with another repository or a local branch\n   push      Update remote refs along with associated objects\n\n'git help -a' and 'git help -g' list available subcommands and some\nconcept guides. See 'git help <command>' or 'git help <concept>'\nto read about a specific subcommand or concept.\nSee 'git help git' for an overview of the system.\n""
[0m15:11:16.859492 [debug] [MainThread]: STDERR: "b''"
[0m15:11:16.859842 [info ] [MainThread]:  - git [[32mOK found[0m]

[0m15:11:16.860294 [info ] [MainThread]: Connection:
[0m15:11:16.860769 [info ] [MainThread]:   host: ep-holy-feather-a5mnsolw-pooler.us-east-2.aws.neon.tech
[0m15:11:16.861099 [info ] [MainThread]:   port: 5432
[0m15:11:16.861537 [info ] [MainThread]:   user: neondb_owner
[0m15:11:16.862019 [info ] [MainThread]:   database: neondb
[0m15:11:16.862306 [info ] [MainThread]:   schema: gold
[0m15:11:16.862592 [info ] [MainThread]:   connect_timeout: 10
[0m15:11:16.862877 [info ] [MainThread]:   role: None
[0m15:11:16.863161 [info ] [MainThread]:   search_path: None
[0m15:11:16.864294 [info ] [MainThread]:   keepalives_idle: 0
[0m15:11:16.864619 [info ] [MainThread]:   sslmode: None
[0m15:11:16.864914 [info ] [MainThread]:   sslcert: None
[0m15:11:16.865200 [info ] [MainThread]:   sslkey: None
[0m15:11:16.865485 [info ] [MainThread]:   sslrootcert: None
[0m15:11:16.865771 [info ] [MainThread]:   application_name: dbt
[0m15:11:16.866059 [info ] [MainThread]:   retries: 1
[0m15:11:16.866634 [info ] [MainThread]: Registered adapter: postgres=1.8.2
[0m15:11:16.883100 [debug] [MainThread]: Acquiring new postgres connection 'debug'
[0m15:11:16.927727 [debug] [MainThread]: Using postgres connection "debug"
[0m15:11:16.928111 [debug] [MainThread]: On debug: select 1 as id
[0m15:11:16.928409 [debug] [MainThread]: Opening a new connection, currently in state init
[0m15:11:18.722503 [debug] [MainThread]: SQL status: SELECT 1 in 1.794 seconds
[0m15:11:18.724891 [debug] [MainThread]: On debug: Close
[0m15:11:18.725852 [info ] [MainThread]:   Connection test: [[32mOK connection ok[0m]

[0m15:11:18.726458 [info ] [MainThread]: [31m1 check failed:[0m
[0m15:11:18.726995 [info ] [MainThread]: Project loading failed for the following reason:
 project path </Users/tonypennoyer/Documents/KR/kr/dbt_project.yml> not found

[0m15:11:18.728625 [debug] [MainThread]: Resource report: {"command_name": "debug", "command_wall_clock_time": 2.0501592, "process_user_time": 1.282905, "process_kernel_time": 0.174931, "process_mem_max_rss": "101023744", "command_success": false, "process_in_blocks": "0", "process_out_blocks": "0"}
[0m15:11:18.729379 [debug] [MainThread]: Command `dbt debug` failed at 15:11:18.729202 after 2.05 seconds
[0m15:11:18.729922 [debug] [MainThread]: Connection 'debug' was properly closed.
[0m15:11:18.730493 [debug] [MainThread]: Sending event: {'category': 'dbt', 'action': 'invocation', 'label': 'end', 'context': [<snowplow_tracker.self_describing_json.SelfDescribingJson object at 0x7ff80820f580>, <snowplow_tracker.self_describing_json.SelfDescribingJson object at 0x7ff7e8085bb0>, <snowplow_tracker.self_describing_json.SelfDescribingJson object at 0x7ff7e808d190>]}
[0m15:11:18.731139 [debug] [MainThread]: Flushing usage events
[0m15:11:19.241736 [debug] [MainThread]: An error was encountered while trying to flush usage events
